
Fri Jun 13 10:29:31 UTC 2025 fake commit $i
Fri Jun 13 10:29:41 UTC 2025 fake commit $i
Fri Jun 13 10:29:51 UTC 2025 fake commit $i
Fri Jun 13 10:30:01 UTC 2025 fake commit $i
Fri Jun 13 10:30:11 UTC 2025 fake commit $i
Fri Jun 13 10:32:34 UTC 2025 fake commit $i
Fri Jun 13 10:32:44 UTC 2025 fake commit $i
Fri Jun 13 10:32:54 UTC 2025 fake commit $i
Fri Jun 13 10:33:04 UTC 2025 fake commit $i
Fri Jun 13 10:33:15 UTC 2025 fake commit $i
Fri Jun 13 10:40:34 UTC 2025 fake commit $i
Fri Jun 13 10:40:44 UTC 2025 fake commit $i
Fri Jun 13 10:40:54 UTC 2025 fake commit $i
Fri Jun 13 10:41:04 UTC 2025 fake commit $i
Fri Jun 13 10:41:14 UTC 2025 fake commit $i
Fri Jun 13 10:47:55 UTC 2025 fake commit $i
Fri Jun 13 10:48:05 UTC 2025 fake commit $i
Fri Jun 13 10:48:15 UTC 2025 fake commit $i
Fri Jun 13 10:48:25 UTC 2025 fake commit $i
Fri Jun 13 10:48:35 UTC 2025 fake commit $i
Fri Jun 13 10:54:18 UTC 2025 fake commit
Fri Jun 13 10:58:28 UTC 2025 fake commit $i
Fri Jun 13 10:58:38 UTC 2025 fake commit $i
Fri Jun 13 10:58:48 UTC 2025 fake commit $i
Fri Jun 13 10:58:59 UTC 2025 fake commit $i
Fri Jun 13 10:59:09 UTC 2025 fake commit $i
Fri Jun 13 11:09:22 UTC 2025 fake commit
Fri Jun 13 11:16:16 UTC 2025 fake commit $i
Fri Jun 13 11:16:26 UTC 2025 fake commit $i
Fri Jun 13 11:16:36 UTC 2025 fake commit $i
Fri Jun 13 11:16:46 UTC 2025 fake commit $i
Fri Jun 13 11:16:56 UTC 2025 fake commit $i
Fri Jun 13 11:29:35 UTC 2025 fake commit $i
Fri Jun 13 11:29:45 UTC 2025 fake commit $i
Fri Jun 13 11:29:55 UTC 2025 fake commit $i
Fri Jun 13 11:30:05 UTC 2025 fake commit $i
Fri Jun 13 11:30:15 UTC 2025 fake commit $i
Fri Jun 13 11:39:44 UTC 2025 fake commit $i
Fri Jun 13 11:39:54 UTC 2025 fake commit $i
Fri Jun 13 11:40:04 UTC 2025 fake commit $i
Fri Jun 13 11:40:14 UTC 2025 fake commit $i
Fri Jun 13 11:40:24 UTC 2025 fake commit $i
Fri Jun 13 11:46:47 UTC 2025 fake commit $i
Fri Jun 13 11:46:57 UTC 2025 fake commit $i
Fri Jun 13 11:47:07 UTC 2025 fake commit $i
Fri Jun 13 11:47:17 UTC 2025 fake commit $i
Fri Jun 13 11:47:27 UTC 2025 fake commit $i
Fri Jun 13 11:53:35 UTC 2025 fake commit $i
Fri Jun 13 11:53:45 UTC 2025 fake commit $i
Fri Jun 13 11:53:55 UTC 2025 fake commit $i
Fri Jun 13 11:54:05 UTC 2025 fake commit $i
Fri Jun 13 11:54:15 UTC 2025 fake commit $i
Fri Jun 13 12:00:17 UTC 2025 fake commit $i
Fri Jun 13 12:00:27 UTC 2025 fake commit $i
Fri Jun 13 12:00:37 UTC 2025 fake commit $i
Fri Jun 13 12:00:48 UTC 2025 fake commit $i
Fri Jun 13 12:00:58 UTC 2025 fake commit $i
Fri Jun 13 12:20:37 UTC 2025 fake commit
Fri Jun 13 13:25:15 UTC 2025 fake commit
Fri Jun 13 14:10:36 UTC 2025 fake commit
Fri Jun 13 15:11:20 UTC 2025 fake commit
Fri Jun 13 16:13:02 UTC 2025 fake commit
Fri Jun 13 17:09:24 UTC 2025 fake commit
Fri Jun 13 18:14:40 UTC 2025 fake commit
Fri Jun 13 19:08:39 UTC 2025 fake commit
Fri Jun 13 20:11:56 UTC 2025 fake commit
Fri Jun 13 21:09:11 UTC 2025 fake commit
Fri Jun 13 22:10:00 UTC 2025 fake commit
Fri Jun 13 23:10:18 UTC 2025 fake commit
Sat Jun 14 00:51:43 UTC 2025 fake commit
Sat Jun 14 02:28:17 UTC 2025 fake commit
Sat Jun 14 03:37:48 UTC 2025 fake commit
Sat Jun 14 04:14:16 UTC 2025 fake commit
Sat Jun 14 05:10:46 UTC 2025 fake commit
Sat Jun 14 06:14:00 UTC 2025 fake commit
Sat Jun 14 07:09:45 UTC 2025 fake commit
Sat Jun 14 08:12:39 UTC 2025 fake commit
Sat Jun 14 09:10:18 UTC 2025 fake commit
Sat Jun 14 10:10:14 UTC 2025 fake commit
Sat Jun 14 11:08:06 UTC 2025 fake commit
Sat Jun 14 12:17:59 UTC 2025 fake commit
Sat Jun 14 13:20:04 UTC 2025 fake commit
Sat Jun 14 14:08:49 UTC 2025 fake commit
Sat Jun 14 15:09:15 UTC 2025 fake commit
Sat Jun 14 16:11:19 UTC 2025 fake commit
Sat Jun 14 17:08:21 UTC 2025 fake commit
Sat Jun 14 18:12:59 UTC 2025 fake commit
Sat Jun 14 19:07:31 UTC 2025 fake commit
Sat Jun 14 20:10:46 UTC 2025 fake commit
Sat Jun 14 21:09:16 UTC 2025 fake commit
Sat Jun 14 22:09:02 UTC 2025 fake commit
Sat Jun 14 23:10:05 UTC 2025 fake commit
Sun Jun 15 00:59:19 UTC 2025 fake commit
Sun Jun 15 02:54:02 UTC 2025 fake commit
Sun Jun 15 03:46:41 UTC 2025 fake commit
Sun Jun 15 04:21:20 UTC 2025 fake commit
Sun Jun 15 05:10:25 UTC 2025 fake commit
Sun Jun 15 06:14:24 UTC 2025 fake commit
Sun Jun 15 07:10:15 UTC 2025 fake commit
Sun Jun 15 08:12:55 UTC 2025 fake commit
Sun Jun 15 09:10:03 UTC 2025 fake commit
Sun Jun 15 10:11:31 UTC 2025 fake commit
Sun Jun 15 11:08:15 UTC 2025 fake commit
Sun Jun 15 12:18:32 UTC 2025 fake commit
Sun Jun 15 13:20:09 UTC 2025 fake commit
Sun Jun 15 14:08:52 UTC 2025 fake commit
Sun Jun 15 15:09:30 UTC 2025 fake commit
Sun Jun 15 16:11:31 UTC 2025 fake commit
Sun Jun 15 17:08:26 UTC 2025 fake commit
Sun Jun 15 18:13:23 UTC 2025 fake commit
Sun Jun 15 19:07:50 UTC 2025 fake commit
Sun Jun 15 20:11:01 UTC 2025 fake commit
Sun Jun 15 21:09:05 UTC 2025 fake commit
Sun Jun 15 22:09:32 UTC 2025 fake commit
Sun Jun 15 23:09:45 UTC 2025 fake commit
Mon Jun 16 00:55:52 UTC 2025 fake commit
Mon Jun 16 02:46:30 UTC 2025 fake commit
Mon Jun 16 03:47:26 UTC 2025 fake commit
Mon Jun 16 04:23:28 UTC 2025 fake commit
Mon Jun 16 05:13:47 UTC 2025 fake commit
Mon Jun 16 06:17:13 UTC 2025 fake commit
Mon Jun 16 07:13:14 UTC 2025 fake commit
Mon Jun 16 08:15:59 UTC 2025 fake commit
Mon Jun 16 09:13:45 UTC 2025 fake commit
Mon Jun 16 10:12:25 UTC 2025 fake commit
Mon Jun 16 11:09:33 UTC 2025 fake commit
Mon Jun 16 12:21:16 UTC 2025 fake commit
Mon Jun 16 13:27:22 UTC 2025 fake commit
Mon Jun 16 14:11:12 UTC 2025 fake commit
Mon Jun 16 15:11:34 UTC 2025 fake commit
Mon Jun 16 16:13:32 UTC 2025 fake commit
Mon Jun 16 17:10:07 UTC 2025 fake commit
Mon Jun 16 18:15:05 UTC 2025 fake commit
Mon Jun 16 19:08:12 UTC 2025 fake commit
Mon Jun 16 20:11:58 UTC 2025 fake commit
Mon Jun 16 21:10:15 UTC 2025 fake commit
Mon Jun 16 22:10:23 UTC 2025 fake commit
Mon Jun 16 23:10:15 UTC 2025 fake commit
Tue Jun 17 00:53:52 UTC 2025 fake commit
Tue Jun 17 02:42:00 UTC 2025 fake commit
Tue Jun 17 03:42:13 UTC 2025 fake commit
Tue Jun 17 04:19:59 UTC 2025 fake commit
Tue Jun 17 05:11:33 UTC 2025 fake commit
Tue Jun 17 06:16:00 UTC 2025 fake commit
Tue Jun 17 07:11:20 UTC 2025 fake commit
Tue Jun 17 08:15:27 UTC 2025 fake commit
Tue Jun 17 09:12:31 UTC 2025 fake commit
Tue Jun 17 10:12:06 UTC 2025 fake commit
Tue Jun 17 11:09:32 UTC 2025 fake commit
Tue Jun 17 12:21:30 UTC 2025 fake commit
Tue Jun 17 13:26:00 UTC 2025 fake commit
Tue Jun 17 14:11:09 UTC 2025 fake commit
Tue Jun 17 15:11:42 UTC 2025 fake commit
Tue Jun 17 16:13:35 UTC 2025 fake commit
Tue Jun 17 17:11:01 UTC 2025 fake commit
Tue Jun 17 18:14:59 UTC 2025 fake commit
Tue Jun 17 19:08:32 UTC 2025 fake commit
Tue Jun 17 20:11:59 UTC 2025 fake commit
Tue Jun 17 21:10:20 UTC 2025 fake commit
Tue Jun 17 22:10:14 UTC 2025 fake commit
Tue Jun 17 23:10:02 UTC 2025 fake commit
Wed Jun 18 00:53:56 UTC 2025 fake commit
Wed Jun 18 02:40:48 UTC 2025 fake commit
Wed Jun 18 03:41:57 UTC 2025 fake commit
Wed Jun 18 04:20:02 UTC 2025 fake commit
Wed Jun 18 05:11:59 UTC 2025 fake commit
Wed Jun 18 06:16:15 UTC 2025 fake commit
Wed Jun 18 07:11:50 UTC 2025 fake commit
Wed Jun 18 08:15:05 UTC 2025 fake commit
Wed Jun 18 09:12:22 UTC 2025 fake commit
Wed Jun 18 10:11:45 UTC 2025 fake commit
Wed Jun 18 11:09:45 UTC 2025 fake commit
Wed Jun 18 12:21:10 UTC 2025 fake commit
Wed Jun 18 13:27:15 UTC 2025 fake commit
Wed Jun 18 14:11:14 UTC 2025 fake commit
Wed Jun 18 15:11:34 UTC 2025 fake commit
Wed Jun 18 16:13:22 UTC 2025 fake commit
Wed Jun 18 17:11:33 UTC 2025 fake commit
Wed Jun 18 18:15:00 UTC 2025 fake commit
Wed Jun 18 19:08:20 UTC 2025 fake commit
Wed Jun 18 20:13:12 UTC 2025 fake commit
Wed Jun 18 21:10:01 UTC 2025 fake commit
Wed Jun 18 22:09:56 UTC 2025 fake commit
Wed Jun 18 23:10:20 UTC 2025 fake commit
Thu Jun 19 00:53:54 UTC 2025 fake commit
Thu Jun 19 02:42:02 UTC 2025 fake commit
Thu Jun 19 03:42:18 UTC 2025 fake commit
Thu Jun 19 04:19:37 UTC 2025 fake commit
Thu Jun 19 05:11:29 UTC 2025 fake commit
Thu Jun 19 06:16:06 UTC 2025 fake commit
Thu Jun 19 07:11:04 UTC 2025 fake commit
Thu Jun 19 08:14:56 UTC 2025 fake commit
Thu Jun 19 09:12:08 UTC 2025 fake commit
Thu Jun 19 10:12:05 UTC 2025 fake commit
Thu Jun 19 11:09:39 UTC 2025 fake commit
Thu Jun 19 12:20:58 UTC 2025 fake commit
Thu Jun 19 13:25:34 UTC 2025 fake commit
Thu Jun 19 14:10:18 UTC 2025 fake commit
Thu Jun 19 15:11:01 UTC 2025 fake commit
Thu Jun 19 16:13:04 UTC 2025 fake commit
Thu Jun 19 17:09:36 UTC 2025 fake commit
Thu Jun 19 18:14:26 UTC 2025 fake commit
Thu Jun 19 19:08:09 UTC 2025 fake commit
Thu Jun 19 20:12:46 UTC 2025 fake commit
Thu Jun 19 21:09:30 UTC 2025 fake commit
Thu Jun 19 22:10:02 UTC 2025 fake commit
Thu Jun 19 23:10:42 UTC 2025 fake commit
Fri Jun 20 00:53:44 UTC 2025 fake commit
Fri Jun 20 02:41:14 UTC 2025 fake commit
Fri Jun 20 03:41:20 UTC 2025 fake commit
Fri Jun 20 04:18:16 UTC 2025 fake commit
Fri Jun 20 05:12:05 UTC 2025 fake commit
Fri Jun 20 06:16:02 UTC 2025 fake commit
Fri Jun 20 07:10:55 UTC 2025 fake commit
Fri Jun 20 08:14:51 UTC 2025 fake commit
Fri Jun 20 09:11:25 UTC 2025 fake commit
Fri Jun 20 10:11:31 UTC 2025 fake commit
Fri Jun 20 11:09:21 UTC 2025 fake commit
Fri Jun 20 12:20:32 UTC 2025 fake commit
Fri Jun 20 13:24:45 UTC 2025 fake commit
Fri Jun 20 14:10:21 UTC 2025 fake commit
Fri Jun 20 15:10:53 UTC 2025 fake commit
Fri Jun 20 16:12:57 UTC 2025 fake commit
Fri Jun 20 17:09:20 UTC 2025 fake commit
Fri Jun 20 18:14:31 UTC 2025 fake commit
Fri Jun 20 19:08:17 UTC 2025 fake commit
Fri Jun 20 20:12:00 UTC 2025 fake commit
Fri Jun 20 21:09:29 UTC 2025 fake commit
Fri Jun 20 22:10:01 UTC 2025 fake commit
Fri Jun 20 23:10:42 UTC 2025 fake commit
Sat Jun 21 00:52:43 UTC 2025 fake commit
Sat Jun 21 02:29:11 UTC 2025 fake commit
Sat Jun 21 03:39:30 UTC 2025 fake commit
Sat Jun 21 04:14:25 UTC 2025 fake commit
Sat Jun 21 05:10:22 UTC 2025 fake commit
Sat Jun 21 06:14:02 UTC 2025 fake commit
Sat Jun 21 07:09:56 UTC 2025 fake commit
Sat Jun 21 08:13:01 UTC 2025 fake commit
Sat Jun 21 09:09:53 UTC 2025 fake commit
Sat Jun 21 10:10:06 UTC 2025 fake commit
Sat Jun 21 11:08:15 UTC 2025 fake commit
Sat Jun 21 12:17:57 UTC 2025 fake commit
Sat Jun 21 13:20:19 UTC 2025 fake commit
Sat Jun 21 14:09:26 UTC 2025 fake commit
Sat Jun 21 15:09:37 UTC 2025 fake commit
Sat Jun 21 16:11:40 UTC 2025 fake commit
Sat Jun 21 17:08:32 UTC 2025 fake commit
Sat Jun 21 18:12:53 UTC 2025 fake commit
Sat Jun 21 19:07:31 UTC 2025 fake commit
Sat Jun 21 20:10:45 UTC 2025 fake commit
Sat Jun 21 21:08:42 UTC 2025 fake commit
Sat Jun 21 22:09:13 UTC 2025 fake commit
Sat Jun 21 23:10:07 UTC 2025 fake commit
Sun Jun 22 00:59:08 UTC 2025 fake commit
Sun Jun 22 02:54:41 UTC 2025 fake commit
Sun Jun 22 03:48:31 UTC 2025 fake commit
Sun Jun 22 04:22:30 UTC 2025 fake commit
Sun Jun 22 05:11:20 UTC 2025 fake commit
Sun Jun 22 06:14:46 UTC 2025 fake commit
Sun Jun 22 07:10:26 UTC 2025 fake commit
Sun Jun 22 08:13:11 UTC 2025 fake commit
Sun Jun 22 09:10:17 UTC 2025 fake commit
Sun Jun 22 10:10:14 UTC 2025 fake commit
Sun Jun 22 11:08:16 UTC 2025 fake commit
Sun Jun 22 12:18:13 UTC 2025 fake commit
Sun Jun 22 13:20:07 UTC 2025 fake commit
Sun Jun 22 14:09:16 UTC 2025 fake commit
Sun Jun 22 15:09:28 UTC 2025 fake commit
Sun Jun 22 16:11:36 UTC 2025 fake commit
Sun Jun 22 17:08:21 UTC 2025 fake commit
Sun Jun 22 18:13:14 UTC 2025 fake commit
Sun Jun 22 19:08:11 UTC 2025 fake commit
Sun Jun 22 20:10:56 UTC 2025 fake commit
Sun Jun 22 21:09:04 UTC 2025 fake commit
Sun Jun 22 22:09:44 UTC 2025 fake commit
Sun Jun 22 23:10:05 UTC 2025 fake commit
Mon Jun 23 00:57:35 UTC 2025 fake commit
Mon Jun 23 02:53:24 UTC 2025 fake commit
Mon Jun 23 03:51:01 UTC 2025 fake commit
Mon Jun 23 04:26:09 UTC 2025 fake commit
Mon Jun 23 05:13:50 UTC 2025 fake commit
Mon Jun 23 06:17:11 UTC 2025 fake commit
Mon Jun 23 07:13:09 UTC 2025 fake commit
Mon Jun 23 08:16:26 UTC 2025 fake commit
Mon Jun 23 09:14:13 UTC 2025 fake commit
Mon Jun 23 10:12:53 UTC 2025 fake commit
Mon Jun 23 11:10:07 UTC 2025 fake commit
Mon Jun 23 12:21:41 UTC 2025 fake commit
Mon Jun 23 13:28:15 UTC 2025 fake commit
Mon Jun 23 14:11:14 UTC 2025 fake commit
Mon Jun 23 15:11:45 UTC 2025 fake commit
Mon Jun 23 16:13:32 UTC 2025 fake commit
Mon Jun 23 17:10:16 UTC 2025 fake commit
Mon Jun 23 18:14:58 UTC 2025 fake commit
Mon Jun 23 19:08:37 UTC 2025 fake commit
Mon Jun 23 20:12:24 UTC 2025 fake commit
Mon Jun 23 21:10:19 UTC 2025 fake commit
Mon Jun 23 22:10:46 UTC 2025 fake commit
Mon Jun 23 23:08:22 UTC 2025 fake commit
Tue Jun 24 00:54:20 UTC 2025 fake commit
Tue Jun 24 02:42:47 UTC 2025 fake commit
Tue Jun 24 03:43:26 UTC 2025 fake commit
Tue Jun 24 04:21:04 UTC 2025 fake commit
Tue Jun 24 05:13:37 UTC 2025 fake commit
Tue Jun 24 06:16:48 UTC 2025 fake commit
Tue Jun 24 07:12:12 UTC 2025 fake commit
Tue Jun 24 08:15:22 UTC 2025 fake commit
Tue Jun 24 09:13:10 UTC 2025 fake commit
Tue Jun 24 10:12:21 UTC 2025 fake commit
Tue Jun 24 11:09:41 UTC 2025 fake commit
Tue Jun 24 12:21:06 UTC 2025 fake commit
Tue Jun 24 13:27:35 UTC 2025 fake commit
Tue Jun 24 14:11:06 UTC 2025 fake commit
Tue Jun 24 15:11:57 UTC 2025 fake commit
Tue Jun 24 16:13:33 UTC 2025 fake commit
Tue Jun 24 17:11:59 UTC 2025 fake commit
Tue Jun 24 18:15:00 UTC 2025 fake commit
Tue Jun 24 19:08:28 UTC 2025 fake commit
Tue Jun 24 20:12:30 UTC 2025 fake commit
Tue Jun 24 21:10:08 UTC 2025 fake commit
Tue Jun 24 22:10:09 UTC 2025 fake commit
Tue Jun 24 23:10:01 UTC 2025 fake commit
Wed Jun 25 00:54:51 UTC 2025 fake commit
Wed Jun 25 02:43:27 UTC 2025 fake commit
Wed Jun 25 03:44:54 UTC 2025 fake commit
Wed Jun 25 04:21:54 UTC 2025 fake commit
Wed Jun 25 05:13:25 UTC 2025 fake commit
Wed Jun 25 06:16:46 UTC 2025 fake commit
Wed Jun 25 07:12:26 UTC 2025 fake commit
Wed Jun 25 08:15:47 UTC 2025 fake commit
Wed Jun 25 09:13:35 UTC 2025 fake commit
Wed Jun 25 10:11:58 UTC 2025 fake commit
Wed Jun 25 11:09:56 UTC 2025 fake commit
Wed Jun 25 12:21:12 UTC 2025 fake commit
Wed Jun 25 13:28:01 UTC 2025 fake commit
Wed Jun 25 14:11:20 UTC 2025 fake commit
Wed Jun 25 15:11:51 UTC 2025 fake commit
Wed Jun 25 16:13:42 UTC 2025 fake commit
Wed Jun 25 17:10:47 UTC 2025 fake commit
Wed Jun 25 18:15:24 UTC 2025 fake commit
Wed Jun 25 19:07:59 UTC 2025 fake commit
Wed Jun 25 20:12:03 UTC 2025 fake commit
Wed Jun 25 21:10:02 UTC 2025 fake commit
Wed Jun 25 22:10:04 UTC 2025 fake commit
Wed Jun 25 23:10:27 UTC 2025 fake commit
Thu Jun 26 00:54:09 UTC 2025 fake commit
Thu Jun 26 02:42:32 UTC 2025 fake commit
Thu Jun 26 03:43:14 UTC 2025 fake commit
Thu Jun 26 04:20:27 UTC 2025 fake commit
Thu Jun 26 05:12:19 UTC 2025 fake commit
Thu Jun 26 06:16:21 UTC 2025 fake commit
Thu Jun 26 07:12:00 UTC 2025 fake commit
Thu Jun 26 08:15:11 UTC 2025 fake commit
Thu Jun 26 09:12:24 UTC 2025 fake commit
Thu Jun 26 10:12:05 UTC 2025 fake commit
Thu Jun 26 11:09:40 UTC 2025 fake commit
Thu Jun 26 12:21:01 UTC 2025 fake commit
Thu Jun 26 13:26:33 UTC 2025 fake commit
Thu Jun 26 14:10:42 UTC 2025 fake commit
Thu Jun 26 15:11:38 UTC 2025 fake commit
Thu Jun 26 16:13:30 UTC 2025 fake commit
Thu Jun 26 17:10:17 UTC 2025 fake commit
Thu Jun 26 18:14:48 UTC 2025 fake commit
Thu Jun 26 19:08:30 UTC 2025 fake commit
Thu Jun 26 20:11:54 UTC 2025 fake commit
Thu Jun 26 21:10:06 UTC 2025 fake commit
Thu Jun 26 22:10:04 UTC 2025 fake commit
Thu Jun 26 23:10:28 UTC 2025 fake commit
Fri Jun 27 00:54:48 UTC 2025 fake commit
Fri Jun 27 02:43:21 UTC 2025 fake commit
Fri Jun 27 03:43:57 UTC 2025 fake commit
Fri Jun 27 04:20:21 UTC 2025 fake commit
Fri Jun 27 05:12:32 UTC 2025 fake commit
Fri Jun 27 06:16:43 UTC 2025 fake commit
Fri Jun 27 07:11:40 UTC 2025 fake commit
Fri Jun 27 08:14:49 UTC 2025 fake commit
Fri Jun 27 09:11:48 UTC 2025 fake commit
Fri Jun 27 10:11:48 UTC 2025 fake commit
Fri Jun 27 11:09:36 UTC 2025 fake commit
Fri Jun 27 12:20:23 UTC 2025 fake commit
Fri Jun 27 13:24:40 UTC 2025 fake commit
Fri Jun 27 14:10:36 UTC 2025 fake commit
Fri Jun 27 15:11:09 UTC 2025 fake commit
Fri Jun 27 16:13:26 UTC 2025 fake commit
Fri Jun 27 17:09:24 UTC 2025 fake commit
Fri Jun 27 18:14:51 UTC 2025 fake commit
Fri Jun 27 19:08:18 UTC 2025 fake commit
Fri Jun 27 20:11:48 UTC 2025 fake commit
Fri Jun 27 21:09:49 UTC 2025 fake commit
Fri Jun 27 22:10:09 UTC 2025 fake commit
Fri Jun 27 23:10:41 UTC 2025 fake commit
Sat Jun 28 00:52:31 UTC 2025 fake commit
Sat Jun 28 02:37:30 UTC 2025 fake commit
Sat Jun 28 03:39:05 UTC 2025 fake commit
Sat Jun 28 04:14:28 UTC 2025 fake commit
Sat Jun 28 05:11:43 UTC 2025 fake commit
Sat Jun 28 06:14:10 UTC 2025 fake commit
Sat Jun 28 07:09:46 UTC 2025 fake commit
Sat Jun 28 08:13:12 UTC 2025 fake commit
Sat Jun 28 09:10:02 UTC 2025 fake commit
Sat Jun 28 10:10:18 UTC 2025 fake commit
Sat Jun 28 11:08:07 UTC 2025 fake commit
Sat Jun 28 12:18:16 UTC 2025 fake commit
Sat Jun 28 13:20:32 UTC 2025 fake commit
Sat Jun 28 14:09:02 UTC 2025 fake commit
Sat Jun 28 15:09:35 UTC 2025 fake commit
Sat Jun 28 16:11:33 UTC 2025 fake commit
Sat Jun 28 17:08:23 UTC 2025 fake commit
Sat Jun 28 18:13:25 UTC 2025 fake commit
Sat Jun 28 19:07:38 UTC 2025 fake commit
Sat Jun 28 20:11:05 UTC 2025 fake commit
Sat Jun 28 21:09:01 UTC 2025 fake commit
Sat Jun 28 22:09:21 UTC 2025 fake commit
Sat Jun 28 23:09:51 UTC 2025 fake commit
Sun Jun 29 01:00:23 UTC 2025 fake commit
Sun Jun 29 03:22:09 UTC 2025 fake commit
Sun Jun 29 04:27:51 UTC 2025 fake commit
Sun Jun 29 05:15:11 UTC 2025 fake commit
Sun Jun 29 06:14:39 UTC 2025 fake commit
Sun Jun 29 07:09:55 UTC 2025 fake commit
Sun Jun 29 08:13:11 UTC 2025 fake commit
Sun Jun 29 09:10:30 UTC 2025 fake commit
Sun Jun 29 10:10:23 UTC 2025 fake commit
Sun Jun 29 11:08:17 UTC 2025 fake commit
Sun Jun 29 12:18:44 UTC 2025 fake commit
Sun Jun 29 13:20:55 UTC 2025 fake commit
Sun Jun 29 14:08:58 UTC 2025 fake commit
Sun Jun 29 15:09:33 UTC 2025 fake commit
Sun Jun 29 16:11:31 UTC 2025 fake commit
Sun Jun 29 17:08:45 UTC 2025 fake commit
Sun Jun 29 18:13:29 UTC 2025 fake commit
Sun Jun 29 19:07:55 UTC 2025 fake commit
Sun Jun 29 20:11:08 UTC 2025 fake commit
Sun Jun 29 21:09:11 UTC 2025 fake commit
Sun Jun 29 22:09:48 UTC 2025 fake commit
Sun Jun 29 23:09:56 UTC 2025 fake commit
Mon Jun 30 00:57:56 UTC 2025 fake commit
Mon Jun 30 02:52:03 UTC 2025 fake commit
Mon Jun 30 03:49:59 UTC 2025 fake commit
Mon Jun 30 04:25:39 UTC 2025 fake commit
Mon Jun 30 05:14:00 UTC 2025 fake commit
Mon Jun 30 06:17:11 UTC 2025 fake commit
Mon Jun 30 07:13:10 UTC 2025 fake commit
Mon Jun 30 08:16:19 UTC 2025 fake commit
Mon Jun 30 09:13:56 UTC 2025 fake commit
Mon Jun 30 10:12:22 UTC 2025 fake commit
Mon Jun 30 11:09:43 UTC 2025 fake commit
Mon Jun 30 12:20:44 UTC 2025 fake commit
Mon Jun 30 13:26:48 UTC 2025 fake commit
Mon Jun 30 14:11:06 UTC 2025 fake commit
Mon Jun 30 15:11:37 UTC 2025 fake commit
Mon Jun 30 16:15:01 UTC 2025 fake commit
Mon Jun 30 17:09:43 UTC 2025 fake commit
Mon Jun 30 18:14:59 UTC 2025 fake commit
Mon Jun 30 19:08:07 UTC 2025 fake commit
Mon Jun 30 20:11:45 UTC 2025 fake commit
Mon Jun 30 21:09:54 UTC 2025 fake commit
Mon Jun 30 22:10:25 UTC 2025 fake commit
Mon Jun 30 23:10:21 UTC 2025 fake commit
Tue Jul  1 01:00:53 UTC 2025 fake commit
Tue Jul  1 03:23:34 UTC 2025 fake commit
Tue Jul  1 04:30:15 UTC 2025 fake commit
Tue Jul  1 05:15:55 UTC 2025 fake commit
Tue Jul  1 06:16:43 UTC 2025 fake commit
Tue Jul  1 07:12:45 UTC 2025 fake commit
Tue Jul  1 08:15:26 UTC 2025 fake commit
Tue Jul  1 09:13:52 UTC 2025 fake commit
Tue Jul  1 10:12:16 UTC 2025 fake commit
Tue Jul  1 11:09:38 UTC 2025 fake commit
Tue Jul  1 12:21:35 UTC 2025 fake commit
Tue Jul  1 13:26:58 UTC 2025 fake commit
Tue Jul  1 14:10:47 UTC 2025 fake commit
